<?xml version="1.0" encoding="UTF-8"?>
<!-- Generated by org.testng.reporters.JUnitReportReporter -->
<testsuite hostname="SUGRAMAL-M-M794" failures="0" tests="1" name="com.sugi.seleniumpagination.PaginationTest" time="10.323" errors="0" timestamp="2022-09-05T15:22:27 PDT" skipped="0">
  <testcase classname="com.sugi.seleniumpagination.PaginationTest" name="test" time="10.323"/>
  <system-out/>
</testsuite> <!-- com.sugi.seleniumpagination.PaginationTest -->
