<?xml version="1.0" encoding="UTF-8"?>
<!-- Generated by org.testng.reporters.JUnitReportReporter -->
<testsuite hostname="SUGRAMAL-M-M794" failures="0" tests="1" name="com.test.sugi.FluentWaitClass" time="0.008" errors="0" timestamp="2022-08-22T12:06:26 PDT" skipped="0">
  <testcase classname="com.test.sugi.FluentWaitClass" name="disp" time="0.008"/>
  <system-out/>
</testsuite> <!-- com.test.sugi.FluentWaitClass -->
