<?xml version="1.0" encoding="UTF-8"?>
<!-- Generated by org.testng.reporters.JUnitReportReporter -->
<testsuite hostname="SUGRAMAL-M-M794" failures="0" tests="1" name="com.sugi.seleniumpagination.BrokenLink" time="129.862" errors="0" timestamp="2022-09-05T20:45:04 PDT" skipped="0">
  <testcase classname="com.sugi.seleniumpagination.BrokenLink" name="test" time="129.862"/>
  <system-out/>
</testsuite> <!-- com.sugi.seleniumpagination.BrokenLink -->
