<?xml version="1.0" encoding="UTF-8"?>
<!-- Generated by org.testng.reporters.JUnitReportReporter -->
<testsuite hostname="SUGRAMAL-M-M794" failures="0" tests="1" name="com.test.sugi.FirstSeleniumFourTest" time="16.866" errors="0" timestamp="2022-08-10T11:57:23 PDT" skipped="0">
  <testcase classname="com.test.sugi.FirstSeleniumFourTest" name="test" time="16.866"/>
  <system-out/>
</testsuite> <!-- com.test.sugi.FirstSeleniumFourTest -->
